Added Component: Designator=C1(Capacitors_SMD_0805)
Added Component: Designator=C2(Capacitors_SMD_0805)
Added Component: Designator=C3(Capacitors_SMD_0805)
Added Component: Designator=C4(Capacitors_SMD_0805)
Added Component: Designator=C5(Capacitors_SMD_D10)
Added Component: Designator=C6(Capacitors_SMD_0805)
Added Component: Designator=C7(Capacitors_SMD_D10)
Added Component: Designator=C8(Capacitors_SMD_0805)
Added Component: Designator=C9(Capacitors_SMD_0805)
Added Component: Designator=C10(Capacitors_SMD_0805)
Added Component: Designator=C11(Capacitors_SMD_0805)
Added Component: Designator=C12(Capacitors_SMD_0805)
Added Component: Designator=C13(Capacitors_SMD_0805)
Added Component: Designator=C14(Capacitors_SMD_0805)
Added Component: Designator=C15(Capacitors_SMD_0805)
Added Component: Designator=C16(Capacitors_SMD_0805)
Added Component: Designator=C17(Capacitors_SMD_D10)
Added Component: Designator=C18(Capacitors_SMD_0805)
Added Component: Designator=C19(Capacitors_SMD_D10)
Added Component: Designator=C20(Capacitors_SMD_0805)
Added Component: Designator=D1(TO-220_Diode)
Added Component: Designator=D2(1N4148)
Added Component: Designator=D3(1N4148)
Added Component: Designator=D4(1N4148)
Added Component: Designator=HD1(HDR1X4)
Added Component: Designator=HO1(Hole)
Added Component: Designator=HO2(Hole)
Added Component: Designator=HO3(Hole)
Added Component: Designator=HO4(Hole)
Added Component: Designator=L1(Inductor)
Added Component: Designator=PD1(Terminal)
Added Component: Designator=PD2(Terminal)
Added Component: Designator=PD3(Terminal)
Added Component: Designator=PD4(Terminal)
Added Component: Designator=Q1(TO-220)N-MOSFET)
Added Component: Designator=Q2(2SCR552P)
Added Component: Designator=Q3(2SAR552P)
Added Component: Designator=R1(RESISTOR_SMD_0805)
Added Component: Designator=R2(RESISTOR_SMD_0805)
Added Component: Designator=R3(RESISTOR_SMD_0805)
Added Component: Designator=R4(RESISTOR_SMD_0805)
Added Component: Designator=R5(RESISTOR_SMD_0805)
Added Component: Designator=R6(RESISTOR_SMD_0805)
Added Component: Designator=R7(RESISTOR_SMD_0805)
Added Component: Designator=R8(RESISTOR_SMD_0805)
Added Component: Designator=R9(RESISTOR_SMD_0805)
Added Component: Designator=R10(RESISTOR_SMD_0805)
Added Component: Designator=R11(RESISTOR_SMD_0805)
Added Component: Designator=R12(RESISTOR_SMD_0805)
Added Component: Designator=R13(RESISTOR_SMD_2512)
Added Component: Designator=R14(RESISTOR_SMD_0805)
Added Component: Designator=R15(RESISTOR_SMD_0805)
Added Component: Designator=R16(RESISTOR_SMD_0805)
Added Component: Designator=R17(RESISTOR_SMD_1206)
Added Component: Designator=R18(RESISTOR_SMD_0805)
Added Component: Designator=TL494CDR(TL494CDR)
Added Component: Designator=TR1(B78307A2276A003)
Added Component: Designator=VR1(Baoter_3296)
Added Component: Designator=VR2(Baoter_3296)
Added Pin To Net: NetName=5V Pin=C1-2
Added Pin To Net: NetName=5V Pin=C14-1
Added Pin To Net: NetName=5V Pin=R3-1
Added Pin To Net: NetName=5V Pin=R7-1
Added Pin To Net: NetName=5V Pin=TL494CDR-13
Added Pin To Net: NetName=5V Pin=TL494CDR-14
Added Net: Name=5V
Added Pin To Net: NetName=12V Pin=C6-2
Added Pin To Net: NetName=12V Pin=C10-2
Added Pin To Net: NetName=12V Pin=C11-2
Added Pin To Net: NetName=12V Pin=HD1-1
Added Pin To Net: NetName=12V Pin=Q2-2
Added Pin To Net: NetName=12V Pin=Q2-2
Added Pin To Net: NetName=12V Pin=TL494CDR-8
Added Pin To Net: NetName=12V Pin=TL494CDR-11
Added Pin To Net: NetName=12V Pin=TL494CDR-12
Added Net: Name=12V
Added Pin To Net: NetName=AG Pin=C3-1
Added Pin To Net: NetName=AG Pin=C6-1
Added Pin To Net: NetName=AG Pin=C9-1
Added Pin To Net: NetName=AG Pin=C10-1
Added Pin To Net: NetName=AG Pin=C11-1
Added Pin To Net: NetName=AG Pin=C14-2
Added Pin To Net: NetName=AG Pin=HD1-2
Added Pin To Net: NetName=AG Pin=HD1-3
Added Pin To Net: NetName=AG Pin=Q3-2
Added Pin To Net: NetName=AG Pin=Q3-2
Added Pin To Net: NetName=AG Pin=R1-2
Added Pin To Net: NetName=AG Pin=R2-1
Added Pin To Net: NetName=AG Pin=R4-1
Added Pin To Net: NetName=AG Pin=R12-1
Added Pin To Net: NetName=AG Pin=TL494CDR-7
Added Pin To Net: NetName=AG Pin=TR1-3
Added Pin To Net: NetName=AG Pin=VR1-2
Added Pin To Net: NetName=AG Pin=VR1-3
Added Pin To Net: NetName=AG Pin=VR2-2
Added Pin To Net: NetName=AG Pin=VR2-3
Added Net: Name=AG
Added Pin To Net: NetName=CS Pin=PD4-1
Added Pin To Net: NetName=CS Pin=PD4-1
Added Pin To Net: NetName=CS Pin=PD4-1
Added Pin To Net: NetName=CS Pin=PD4-1
Added Pin To Net: NetName=CS Pin=R6-1
Added Pin To Net: NetName=CS Pin=R13-2
Added Net: Name=CS
Added Pin To Net: NetName=GATE Pin=Q1-1
Added Pin To Net: NetName=GATE Pin=R16-2
Added Pin To Net: NetName=GATE Pin=R17-2
Added Pin To Net: NetName=GATE Pin=R18-2
Added Net: Name=GATE
Added Pin To Net: NetName=NetC1_1 Pin=C1-1
Added Pin To Net: NetName=NetC1_1 Pin=R2-2
Added Pin To Net: NetName=NetC1_1 Pin=TL494CDR-4
Added Net: Name=NetC1_1
Added Pin To Net: NetName=NetC2_1 Pin=C2-1
Added Pin To Net: NetName=NetC2_1 Pin=R3-2
Added Pin To Net: NetName=NetC2_1 Pin=R5-2
Added Pin To Net: NetName=NetC2_1 Pin=TL494CDR-2
Added Net: Name=NetC2_1
Added Pin To Net: NetName=NetC2_2 Pin=C2-2
Added Pin To Net: NetName=NetC2_2 Pin=C4-2
Added Pin To Net: NetName=NetC2_2 Pin=C12-2
Added Pin To Net: NetName=NetC2_2 Pin=C13-1
Added Pin To Net: NetName=NetC2_2 Pin=TL494CDR-3
Added Net: Name=NetC2_2
Added Pin To Net: NetName=NetC3_2 Pin=C3-2
Added Pin To Net: NetName=NetC3_2 Pin=TL494CDR-5
Added Net: Name=NetC3_2
Added Pin To Net: NetName=NetC4_1 Pin=C4-1
Added Pin To Net: NetName=NetC4_1 Pin=R5-1
Added Net: Name=NetC4_1
Added Pin To Net: NetName=NetC5_1 Pin=C5-1
Added Pin To Net: NetName=NetC5_1 Pin=C7-1
Added Pin To Net: NetName=NetC5_1 Pin=C8-1
Added Pin To Net: NetName=NetC5_1 Pin=PD1-1
Added Pin To Net: NetName=NetC5_1 Pin=PD1-1
Added Pin To Net: NetName=NetC5_1 Pin=PD1-1
Added Pin To Net: NetName=NetC5_1 Pin=PD1-1
Added Pin To Net: NetName=NetC5_1 Pin=Q1-2
Added Net: Name=NetC5_1
Added Pin To Net: NetName=NetC9_2 Pin=C9-2
Added Pin To Net: NetName=NetC9_2 Pin=R6-2
Added Pin To Net: NetName=NetC9_2 Pin=TL494CDR-16
Added Net: Name=NetC9_2
Added Pin To Net: NetName=NetC12_1 Pin=C12-1
Added Pin To Net: NetName=NetC12_1 Pin=R8-2
Added Net: Name=NetC12_1
Added Pin To Net: NetName=NetC13_2 Pin=C13-2
Added Pin To Net: NetName=NetC13_2 Pin=R7-2
Added Pin To Net: NetName=NetC13_2 Pin=R8-1
Added Pin To Net: NetName=NetC13_2 Pin=R9-1
Added Pin To Net: NetName=NetC13_2 Pin=TL494CDR-15
Added Net: Name=NetC13_2
Added Pin To Net: NetName=NetC15_1 Pin=C15-1
Added Pin To Net: NetName=NetC15_1 Pin=R11-1
Added Net: Name=NetC15_1
Added Pin To Net: NetName=NetC16_2 Pin=C16-2
Added Pin To Net: NetName=NetC16_2 Pin=C17-1
Added Pin To Net: NetName=NetC16_2 Pin=C19-1
Added Pin To Net: NetName=NetC16_2 Pin=L1-2
Added Pin To Net: NetName=NetC16_2 Pin=PD3-1
Added Pin To Net: NetName=NetC16_2 Pin=PD3-1
Added Pin To Net: NetName=NetC16_2 Pin=PD3-1
Added Pin To Net: NetName=NetC16_2 Pin=PD3-1
Added Pin To Net: NetName=NetC16_2 Pin=R14-2
Added Net: Name=NetC16_2
Added Pin To Net: NetName=NetC18_1 Pin=C18-1
Added Pin To Net: NetName=NetC18_1 Pin=Q2-3
Added Pin To Net: NetName=NetC18_1 Pin=Q3-3
Added Net: Name=NetC18_1
Added Pin To Net: NetName=NetC18_2 Pin=C18-2
Added Pin To Net: NetName=NetC18_2 Pin=TR1-2
Added Net: Name=NetC18_2
Added Pin To Net: NetName=NetC20_1 Pin=C20-1
Added Pin To Net: NetName=NetC20_1 Pin=TR1-8
Added Net: Name=NetC20_1
Added Pin To Net: NetName=NetC20_2 Pin=C20-2
Added Pin To Net: NetName=NetC20_2 Pin=D2-K
Added Pin To Net: NetName=NetC20_2 Pin=D3-K
Added Pin To Net: NetName=NetC20_2 Pin=D4-A
Added Net: Name=NetC20_2
Added Pin To Net: NetName=NetD3_A Pin=D3-A
Added Pin To Net: NetName=NetD3_A Pin=R16-1
Added Net: Name=NetD3_A
Added Pin To Net: NetName=NetD4_K Pin=D4-K
Added Pin To Net: NetName=NetD4_K Pin=R17-1
Added Net: Name=NetD4_K
Added Pin To Net: NetName=NetQ2_1 Pin=Q2-1
Added Pin To Net: NetName=NetQ2_1 Pin=Q3-1
Added Pin To Net: NetName=NetQ2_1 Pin=R10-2
Added Pin To Net: NetName=NetQ2_1 Pin=R12-2
Added Net: Name=NetQ2_1
Added Pin To Net: NetName=NetR4_2 Pin=R4-2
Added Pin To Net: NetName=NetR4_2 Pin=TL494CDR-6
Added Net: Name=NetR4_2
Added Pin To Net: NetName=NetR9_2 Pin=R9-2
Added Pin To Net: NetName=NetR9_2 Pin=VR1-1
Added Net: Name=NetR9_2
Added Pin To Net: NetName=NetR10_1 Pin=R10-1
Added Pin To Net: NetName=NetR10_1 Pin=TL494CDR-9
Added Pin To Net: NetName=NetR10_1 Pin=TL494CDR-10
Added Net: Name=NetR10_1
Added Pin To Net: NetName=NetR15_1 Pin=R15-1
Added Pin To Net: NetName=NetR15_1 Pin=VR2-1
Added Net: Name=NetR15_1
Added Pin To Net: NetName=PG Pin=C5-2
Added Pin To Net: NetName=PG Pin=C7-2
Added Pin To Net: NetName=PG Pin=C8-2
Added Pin To Net: NetName=PG Pin=C15-2
Added Pin To Net: NetName=PG Pin=C16-1
Added Pin To Net: NetName=PG Pin=C17-2
Added Pin To Net: NetName=PG Pin=C19-2
Added Pin To Net: NetName=PG Pin=D1-A1
Added Pin To Net: NetName=PG Pin=D1-A2
Added Pin To Net: NetName=PG Pin=PD2-1
Added Pin To Net: NetName=PG Pin=PD2-1
Added Pin To Net: NetName=PG Pin=PD2-1
Added Pin To Net: NetName=PG Pin=PD2-1
Added Pin To Net: NetName=PG Pin=R1-1
Added Pin To Net: NetName=PG Pin=R13-1
Added Net: Name=PG
Added Pin To Net: NetName=REF Pin=D1-K
Added Pin To Net: NetName=REF Pin=D2-A
Added Pin To Net: NetName=REF Pin=L1-1
Added Pin To Net: NetName=REF Pin=Q1-3
Added Pin To Net: NetName=REF Pin=R11-2
Added Pin To Net: NetName=REF Pin=R18-1
Added Pin To Net: NetName=REF Pin=TR1-5
Added Net: Name=REF
Added Pin To Net: NetName=VFB Pin=R14-1
Added Pin To Net: NetName=VFB Pin=R15-2
Added Pin To Net: NetName=VFB Pin=TL494CDR-1
Added Net: Name=VFB
Added Class: Name=Buck_Converter
Added Room: Name=Buck_Converter
