Added Component: Designator=C1(Capacitors_SMD_0805)
Added Component: Designator=C2(Capacitors_SMD_0805)
Added Component: Designator=C3(Capacitors_SMD_0805)
Added Component: Designator=C4(Capacitors_SMD_0805)
Added Component: Designator=C5(Capacitors_SMD_D10)
Added Component: Designator=C6(Capacitors_SMD_0805)
Added Component: Designator=C7(Capacitors_SMD_D10)
Added Component: Designator=C8(Capacitors_SMD_0805)
Added Component: Designator=C9(Capacitors_SMD_0805)
Added Component: Designator=C10(Capacitors_SMD_0805)
Added Component: Designator=C11(Capacitors_SMD_0805)
Added Component: Designator=C12(Capacitors_SMD_0805)
Added Component: Designator=C13(Capacitors_SMD_0805)
Added Component: Designator=C14(Capacitors_SMD_0805)
Added Component: Designator=C15(Capacitors_SMD_0805)
Added Component: Designator=C16(Capacitors_SMD_0805)
Added Component: Designator=C17(Capacitors_SMD_D10)
Added Component: Designator=C18(Capacitors_SMD_0805)
Added Component: Designator=C19(Capacitors_SMD_D10)
Added Component: Designator=C20(Capacitors_SMD_0805)
Added Component: Designator=D1(TO-220_Diode)
Added Component: Designator=D2(1N4148)
Added Component: Designator=D3(1N4148)
Added Component: Designator=D4(1N4148)
Added Component: Designator=HD1(HDR1X4)
Added Component: Designator=HO1(Hole)
Added Component: Designator=HO2(Hole)
Added Component: Designator=HO3(Hole)
Added Component: Designator=HO4(Hole)
Added Component: Designator=L1(Inductor)
Added Component: Designator=PD1(Terminal)
Added Component: Designator=PD2(Terminal)
Added Component: Designator=PD3(Terminal)
Added Component: Designator=PD4(Terminal)
Added Component: Designator=Q1(TO-220)N-MOSFET)
Added Component: Designator=Q2(2SCR552P)
Added Component: Designator=Q3(2SAR552P)
Added Component: Designator=R1(RESISTOR_SMD_0805)
Added Component: Designator=R2(RESISTOR_SMD_0805)
Added Component: Designator=R3(RESISTOR_SMD_0805)
Added Component: Designator=R4(RESISTOR_SMD_0805)
Added Component: Designator=R5(RESISTOR_SMD_0805)
Added Component: Designator=R6(RESISTOR_SMD_0805)
Added Component: Designator=R7(RESISTOR_SMD_0805)
Added Component: Designator=R8(RESISTOR_SMD_0805)
Added Component: Designator=R9(RESISTOR_SMD_0805)
Added Component: Designator=R10(RESISTOR_SMD_0805)
Added Component: Designator=R11(RESISTOR_SMD_0805)
Added Component: Designator=R12(RESISTOR_SMD_0805)
Added Component: Designator=R13(RESISTOR_SMD_2512)
Added Component: Designator=R14(RESISTOR_SMD_0805)
Added Component: Designator=R15(RESISTOR_SMD_0805)
Added Component: Designator=R16(RESISTOR_SMD_0805)
Added Component: Designator=R17(RESISTOR_SMD_1206)
Added Component: Designator=R18(RESISTOR_SMD_0805)
Added Component: Designator=TL494CDR(TL494CDR)
Added Component: Designator=TR1(B78307A2276A003)
Added Component: Designator=VR1(Baoter_3296)
Added Component: Designator=VR2(Baoter_3296)
Added Pin To Net: NetName=NetC1_1 Pin=C1-1
Added Pin To Net: NetName=5V Pin=C1-2
Added Pin To Net: NetName=NetC2_1 Pin=C2-1
Added Pin To Net: NetName=NetC2_2 Pin=C2-2
Added Pin To Net: NetName=AG Pin=C3-1
Added Pin To Net: NetName=NetC3_2 Pin=C3-2
Added Pin To Net: NetName=NetC4_1 Pin=C4-1
Added Pin To Net: NetName=NetC2_2 Pin=C4-2
Added Pin To Net: NetName=NetC5_1 Pin=C5-1
Added Pin To Net: NetName=PG Pin=C5-2
Added Pin To Net: NetName=AG Pin=C6-1
Added Pin To Net: NetName=12V Pin=C6-2
Added Pin To Net: NetName=NetC5_1 Pin=C7-1
Added Pin To Net: NetName=PG Pin=C7-2
Added Pin To Net: NetName=NetC5_1 Pin=C8-1
Added Pin To Net: NetName=PG Pin=C8-2
Added Pin To Net: NetName=AG Pin=C9-1
Added Pin To Net: NetName=NetC9_2 Pin=C9-2
Added Pin To Net: NetName=AG Pin=C10-1
Added Pin To Net: NetName=12V Pin=C10-2
Added Pin To Net: NetName=AG Pin=C11-1
Added Pin To Net: NetName=12V Pin=C11-2
Added Pin To Net: NetName=NetC12_1 Pin=C12-1
Added Pin To Net: NetName=NetC2_2 Pin=C12-2
Added Pin To Net: NetName=NetC2_2 Pin=C13-1
Added Pin To Net: NetName=NetC13_2 Pin=C13-2
Added Pin To Net: NetName=5V Pin=C14-1
Added Pin To Net: NetName=AG Pin=C14-2
Added Pin To Net: NetName=NetC15_1 Pin=C15-1
Added Pin To Net: NetName=PG Pin=C15-2
Added Pin To Net: NetName=PG Pin=C16-1
Added Pin To Net: NetName=NetC16_2 Pin=C16-2
Added Pin To Net: NetName=NetC16_2 Pin=C17-1
Added Pin To Net: NetName=PG Pin=C17-2
Added Pin To Net: NetName=NetC18_1 Pin=C18-1
Added Pin To Net: NetName=NetC18_2 Pin=C18-2
Added Pin To Net: NetName=NetC16_2 Pin=C19-1
Added Pin To Net: NetName=PG Pin=C19-2
Added Pin To Net: NetName=NetC20_1 Pin=C20-1
Added Pin To Net: NetName=NetC20_2 Pin=C20-2
Added Pin To Net: NetName=12V Pin=HD1-1
Added Pin To Net: NetName=AG Pin=HD1-2
Added Pin To Net: NetName=AG Pin=HD1-3
Added Pin To Net: NetName=REF Pin=L1-1
Added Pin To Net: NetName=NetC16_2 Pin=L1-2
Added Pin To Net: NetName=NetC5_1 Pin=PD1-1
Added Pin To Net: NetName=NetC5_1 Pin=PD1-1
Added Pin To Net: NetName=NetC5_1 Pin=PD1-1
Added Pin To Net: NetName=NetC5_1 Pin=PD1-1
Added Pin To Net: NetName=PG Pin=PD2-1
Added Pin To Net: NetName=PG Pin=PD2-1
Added Pin To Net: NetName=PG Pin=PD2-1
Added Pin To Net: NetName=PG Pin=PD2-1
Added Pin To Net: NetName=NetC16_2 Pin=PD3-1
Added Pin To Net: NetName=NetC16_2 Pin=PD3-1
Added Pin To Net: NetName=NetC16_2 Pin=PD3-1
Added Pin To Net: NetName=NetC16_2 Pin=PD3-1
Added Pin To Net: NetName=CS Pin=PD4-1
Added Pin To Net: NetName=CS Pin=PD4-1
Added Pin To Net: NetName=CS Pin=PD4-1
Added Pin To Net: NetName=CS Pin=PD4-1
Added Pin To Net: NetName=GATE Pin=Q1-1
Added Pin To Net: NetName=NetC5_1 Pin=Q1-2
Added Pin To Net: NetName=REF Pin=Q1-3
Added Pin To Net: NetName=NetQ2_1 Pin=Q2-1
Added Pin To Net: NetName=12V Pin=Q2-2
Added Pin To Net: NetName=12V Pin=Q2-2
Added Pin To Net: NetName=NetC18_1 Pin=Q2-3
Added Pin To Net: NetName=NetQ2_1 Pin=Q3-1
Added Pin To Net: NetName=AG Pin=Q3-2
Added Pin To Net: NetName=AG Pin=Q3-2
Added Pin To Net: NetName=NetC18_1 Pin=Q3-3
Added Pin To Net: NetName=PG Pin=R1-1
Added Pin To Net: NetName=AG Pin=R1-2
Added Pin To Net: NetName=AG Pin=R2-1
Added Pin To Net: NetName=NetC1_1 Pin=R2-2
Added Pin To Net: NetName=5V Pin=R3-1
Added Pin To Net: NetName=NetC2_1 Pin=R3-2
Added Pin To Net: NetName=AG Pin=R4-1
Added Pin To Net: NetName=NetR4_2 Pin=R4-2
Added Pin To Net: NetName=NetC4_1 Pin=R5-1
Added Pin To Net: NetName=NetC2_1 Pin=R5-2
Added Pin To Net: NetName=CS Pin=R6-1
Added Pin To Net: NetName=NetC9_2 Pin=R6-2
Added Pin To Net: NetName=5V Pin=R7-1
Added Pin To Net: NetName=NetC13_2 Pin=R7-2
Added Pin To Net: NetName=NetC13_2 Pin=R8-1
Added Pin To Net: NetName=NetC12_1 Pin=R8-2
Added Pin To Net: NetName=NetC13_2 Pin=R9-1
Added Pin To Net: NetName=NetR9_2 Pin=R9-2
Added Pin To Net: NetName=NetR10_1 Pin=R10-1
Added Pin To Net: NetName=NetQ2_1 Pin=R10-2
Added Pin To Net: NetName=NetC15_1 Pin=R11-1
Added Pin To Net: NetName=REF Pin=R11-2
Added Pin To Net: NetName=AG Pin=R12-1
Added Pin To Net: NetName=NetQ2_1 Pin=R12-2
Added Pin To Net: NetName=PG Pin=R13-1
Added Pin To Net: NetName=CS Pin=R13-2
Added Pin To Net: NetName=VFB Pin=R14-1
Added Pin To Net: NetName=NetC16_2 Pin=R14-2
Added Pin To Net: NetName=NetR15_1 Pin=R15-1
Added Pin To Net: NetName=VFB Pin=R15-2
Added Pin To Net: NetName=NetD3_2 Pin=R16-1
Added Pin To Net: NetName=GATE Pin=R16-2
Added Pin To Net: NetName=NetD4_1 Pin=R17-1
Added Pin To Net: NetName=GATE Pin=R17-2
Added Pin To Net: NetName=REF Pin=R18-1
Added Pin To Net: NetName=GATE Pin=R18-2
Added Pin To Net: NetName=VFB Pin=TL494CDR-1
Added Pin To Net: NetName=NetC2_1 Pin=TL494CDR-2
Added Pin To Net: NetName=NetC2_2 Pin=TL494CDR-3
Added Pin To Net: NetName=NetC1_1 Pin=TL494CDR-4
Added Pin To Net: NetName=NetC3_2 Pin=TL494CDR-5
Added Pin To Net: NetName=NetR4_2 Pin=TL494CDR-6
Added Pin To Net: NetName=AG Pin=TL494CDR-7
Added Pin To Net: NetName=12V Pin=TL494CDR-8
Added Pin To Net: NetName=NetR10_1 Pin=TL494CDR-9
Added Pin To Net: NetName=NetR10_1 Pin=TL494CDR-10
Added Pin To Net: NetName=12V Pin=TL494CDR-11
Added Pin To Net: NetName=12V Pin=TL494CDR-12
Added Pin To Net: NetName=5V Pin=TL494CDR-13
Added Pin To Net: NetName=5V Pin=TL494CDR-14
Added Pin To Net: NetName=NetC13_2 Pin=TL494CDR-15
Added Pin To Net: NetName=NetC9_2 Pin=TL494CDR-16
Added Pin To Net: NetName=NetC18_2 Pin=TR1-2
Added Pin To Net: NetName=AG Pin=TR1-3
Added Pin To Net: NetName=REF Pin=TR1-5
Added Pin To Net: NetName=NetC20_1 Pin=TR1-8
Added Pin To Net: NetName=NetR9_2 Pin=VR1-1
Added Pin To Net: NetName=AG Pin=VR1-2
Added Pin To Net: NetName=AG Pin=VR1-3
Added Pin To Net: NetName=NetR15_1 Pin=VR2-1
Added Pin To Net: NetName=AG Pin=VR2-2
Added Pin To Net: NetName=AG Pin=VR2-3
Added Member To Class: ClassName=Buck_Converter Member=Component C1 1uF
Added Member To Class: ClassName=Buck_Converter Member=Component C2 150pF
Added Member To Class: ClassName=Buck_Converter Member=Component C3 1nF
Added Member To Class: ClassName=Buck_Converter Member=Component C4 100nF
Added Member To Class: ClassName=Buck_Converter Member=Component C5 330uf
Added Member To Class: ClassName=Buck_Converter Member=Component C6 1uF
Added Member To Class: ClassName=Buck_Converter Member=Component C7 330uf
Added Member To Class: ClassName=Buck_Converter Member=Component C8 100nF
Added Member To Class: ClassName=Buck_Converter Member=Component C9 1nF
Added Member To Class: ClassName=Buck_Converter Member=Component C10 1uF
Added Member To Class: ClassName=Buck_Converter Member=Component C11 100nF
Added Member To Class: ClassName=Buck_Converter Member=Component C12 100nF
Added Member To Class: ClassName=Buck_Converter Member=Component C13 680pF
Added Member To Class: ClassName=Buck_Converter Member=Component C14 100nF
Added Member To Class: ClassName=Buck_Converter Member=Component C15 1nF
Added Member To Class: ClassName=Buck_Converter Member=Component C16 100nF
Added Member To Class: ClassName=Buck_Converter Member=Component C17 330uF
Added Member To Class: ClassName=Buck_Converter Member=Component C18 100nF
Added Member To Class: ClassName=Buck_Converter Member=Component C19 330uF
Added Member To Class: ClassName=Buck_Converter Member=Component C20 100nF
Added Member To Class: ClassName=Buck_Converter Member=Component D1 STPS20H100C
Added Member To Class: ClassName=Buck_Converter Member=Component D2 1N4148
Added Member To Class: ClassName=Buck_Converter Member=Component D3 1N4148
Added Member To Class: ClassName=Buck_Converter Member=Component D4 1N4148
Added Member To Class: ClassName=Buck_Converter Member=Component HD1 Header 4
Added Member To Class: ClassName=Buck_Converter Member=Component HO1 HOLE
Added Member To Class: ClassName=Buck_Converter Member=Component HO2 HOLE
Added Member To Class: ClassName=Buck_Converter Member=Component HO3 HOLE
Added Member To Class: ClassName=Buck_Converter Member=Component HO4 HOLE
Added Member To Class: ClassName=Buck_Converter Member=Component L1 Inductor
Added Member To Class: ClassName=Buck_Converter Member=Component PD1 Terminal
Added Member To Class: ClassName=Buck_Converter Member=Component PD2 Terminal
Added Member To Class: ClassName=Buck_Converter Member=Component PD3 Terminal
Added Member To Class: ClassName=Buck_Converter Member=Component PD4 Terminal
Added Member To Class: ClassName=Buck_Converter Member=Component Q1 N-MOSFET
Added Member To Class: ClassName=Buck_Converter Member=Component Q2 2SCR552P
Added Member To Class: ClassName=Buck_Converter Member=Component Q3 2SAR552P
Added Member To Class: ClassName=Buck_Converter Member=Component R1 0R
Added Member To Class: ClassName=Buck_Converter Member=Component R2 1K
Added Member To Class: ClassName=Buck_Converter Member=Component R3 3K
Added Member To Class: ClassName=Buck_Converter Member=Component R4 10K
Added Member To Class: ClassName=Buck_Converter Member=Component R5 20K
Added Member To Class: ClassName=Buck_Converter Member=Component R6 1K
Added Member To Class: ClassName=Buck_Converter Member=Component R7 24K
Added Member To Class: ClassName=Buck_Converter Member=Component R8 10K
Added Member To Class: ClassName=Buck_Converter Member=Component R9 22R
Added Member To Class: ClassName=Buck_Converter Member=Component R10 22R
Added Member To Class: ClassName=Buck_Converter Member=Component R11 10R
Added Member To Class: ClassName=Buck_Converter Member=Component R12 1K
Added Member To Class: ClassName=Buck_Converter Member=Component R13 0R01
Added Member To Class: ClassName=Buck_Converter Member=Component R14 15K
Added Member To Class: ClassName=Buck_Converter Member=Component R15 1K5
Added Member To Class: ClassName=Buck_Converter Member=Component R16 4R7
Added Member To Class: ClassName=Buck_Converter Member=Component R17 4R7
Added Member To Class: ClassName=Buck_Converter Member=Component R18 10K
Added Member To Class: ClassName=Buck_Converter Member=Component TL494CDR
Added Member To Class: ClassName=Buck_Converter Member=Component TR1 B78307A2276A003
Added Member To Class: ClassName=Buck_Converter Member=Component VR1 5K
Added Member To Class: ClassName=Buck_Converter Member=Component VR2 5K
Added Room: Name=Buck_Converter
